app/build/intermediates/manifest_merge_blame_file/debug/manifest-merger-blame-debug-report.txt
1<?xml version="1.0" encoding="utf-8"?>
2<manifest xmlns:android="http://schemas.android.com/apk/res/android"
3    package="com.example.myfirestore"
4    android:versionCode="1"
5    android:versionName="1.0" >
6
7    <uses-sdk
8        android:minSdkVersion="24"
8-->src/main/AndroidManifest.xml
9        android:targetSdkVersion="33" />
9-->src/main/AndroidManifest.xml
10
11    <uses-permission android:name="android.permission.INTERNET" />
11-->src/main/AndroidManifest.xml:5:5-67
11-->src/main/AndroidManifest.xml:5:22-64
12
13    <!-- Although the *SdkVersion is captured in gradle build files, this is required for non gradle builds -->
14    <!-- <uses-sdk android:minSdkVersion="14" /> -->
15    <uses-permission android:name="android.permission.ACCESS_NETWORK_STATE" />
15-->[com.google.firebase:firebase-firestore:24.9.1] AndroidManifest.xml:10:5-79
15-->[com.google.firebase:firebase-firestore:24.9.1] AndroidManifest.xml:10:22-76
16
17    <application
17-->src/main/AndroidManifest.xml:6:5-27:19
18        android:allowBackup="true"
18-->src/main/AndroidManifest.xml:7:9-35
19        android:appComponentFactory="androidx.core.app.CoreComponentFactory"
19-->[androidx.core:core:1.8.0] AndroidManifest.xml:24:18-86
20        android:dataExtractionRules="@xml/data_extraction_rules"
20-->src/main/AndroidManifest.xml:8:9-65
21        android:debuggable="true"
22        android:extractNativeLibs="false"
23        android:fullBackupContent="@xml/backup_rules"
23-->src/main/AndroidManifest.xml:9:9-54
24        android:icon="@mipmap/ic_launcher"
24-->src/main/AndroidManifest.xml:10:9-43
25        android:label="@string/app_name"
25-->src/main/AndroidManifest.xml:11:9-41
26        android:roundIcon="@mipmap/ic_launcher_round"
26-->src/main/AndroidManifest.xml:12:9-54
27        android:supportsRtl="true"
27-->src/main/AndroidManifest.xml:13:9-35
28        android:testOnly="true"
29        android:theme="@style/Theme.MyFirestore" >
29-->src/main/AndroidManifest.xml:14:9-49
30        <activity
30-->src/main/AndroidManifest.xml:16:9-26:20
31            android:name="com.example.myfirestore.MainActivity"
31-->src/main/AndroidManifest.xml:17:13-41
32            android:exported="true"
32-->src/main/AndroidManifest.xml:18:13-36
33            android:label="@string/app_name"
33-->src/main/AndroidManifest.xml:19:13-45
34            android:theme="@style/Theme.MyFirestore" >
34-->src/main/AndroidManifest.xml:20:13-53
35            <intent-filter>
35-->src/main/AndroidManifest.xml:21:13-25:29
36                <action android:name="android.intent.action.MAIN" />
36-->src/main/AndroidManifest.xml:22:17-69
36-->src/main/AndroidManifest.xml:22:25-66
37
38                <category android:name="android.intent.category.LAUNCHER" />
38-->src/main/AndroidManifest.xml:24:17-77
38-->src/main/AndroidManifest.xml:24:27-74
39            </intent-filter>
40        </activity>
41
42        <service
42-->[com.google.firebase:firebase-firestore-ktx:24.9.1] AndroidManifest.xml:9:9-15:19
43            android:name="com.google.firebase.components.ComponentDiscoveryService"
43-->[com.google.firebase:firebase-firestore-ktx:24.9.1] AndroidManifest.xml:10:13-84
44            android:directBootAware="true"
44-->[com.google.firebase:firebase-common:20.4.2] AndroidManifest.xml:32:13-43
45            android:exported="false" >
45-->[com.google.firebase:firebase-firestore-ktx:24.9.1] AndroidManifest.xml:11:13-37
46            <meta-data
46-->[com.google.firebase:firebase-firestore-ktx:24.9.1] AndroidManifest.xml:12:13-14:85
47                android:name="com.google.firebase.components:com.google.firebase.firestore.ktx.FirebaseFirestoreLegacyRegistrar"
47-->[com.google.firebase:firebase-firestore-ktx:24.9.1] AndroidManifest.xml:13:17-129
48                android:value="com.google.firebase.components.ComponentRegistrar" />
48-->[com.google.firebase:firebase-firestore-ktx:24.9.1] AndroidManifest.xml:14:17-82
49            <meta-data
49-->[com.google.firebase:firebase-firestore:24.9.1] AndroidManifest.xml:17:13-19:85
50                android:name="com.google.firebase.components:com.google.firebase.firestore.FirebaseFirestoreKtxRegistrar"
50-->[com.google.firebase:firebase-firestore:24.9.1] AndroidManifest.xml:18:17-122
51                android:value="com.google.firebase.components.ComponentRegistrar" />
51-->[com.google.firebase:firebase-firestore:24.9.1] AndroidManifest.xml:19:17-82
52            <meta-data
52-->[com.google.firebase:firebase-firestore:24.9.1] AndroidManifest.xml:20:13-22:85
53                android:name="com.google.firebase.components:com.google.firebase.firestore.FirestoreRegistrar"
53-->[com.google.firebase:firebase-firestore:24.9.1] AndroidManifest.xml:21:17-111
54                android:value="com.google.firebase.components.ComponentRegistrar" />
54-->[com.google.firebase:firebase-firestore:24.9.1] AndroidManifest.xml:22:17-82
55            <meta-data
55-->[com.google.firebase:firebase-common-ktx:20.4.2] AndroidManifest.xml:12:13-14:85
56                android:name="com.google.firebase.components:com.google.firebase.ktx.FirebaseCommonLegacyRegistrar"
56-->[com.google.firebase:firebase-common-ktx:20.4.2] AndroidManifest.xml:13:17-116
57                android:value="com.google.firebase.components.ComponentRegistrar" />
57-->[com.google.firebase:firebase-common-ktx:20.4.2] AndroidManifest.xml:14:17-82
58            <meta-data
58-->[com.google.firebase:firebase-common:20.4.2] AndroidManifest.xml:35:13-37:85
59                android:name="com.google.firebase.components:com.google.firebase.FirebaseCommonKtxRegistrar"
59-->[com.google.firebase:firebase-common:20.4.2] AndroidManifest.xml:36:17-109
60                android:value="com.google.firebase.components.ComponentRegistrar" />
60-->[com.google.firebase:firebase-common:20.4.2] AndroidManifest.xml:37:17-82
61        </service>
62
63        <activity
63-->[androidx.compose.ui:ui-tooling:1.3.0] AndroidManifest.xml:23:9-25:39
64            android:name="androidx.compose.ui.tooling.PreviewActivity"
64-->[androidx.compose.ui:ui-tooling:1.3.0] AndroidManifest.xml:24:13-71
65            android:exported="true" />
65-->[androidx.compose.ui:ui-tooling:1.3.0] AndroidManifest.xml:25:13-36
66
67        <provider
67-->[com.google.firebase:firebase-common:20.4.2] AndroidManifest.xml:23:9-28:39
68            android:name="com.google.firebase.provider.FirebaseInitProvider"
68-->[com.google.firebase:firebase-common:20.4.2] AndroidManifest.xml:24:13-77
69            android:authorities="com.example.myfirestore.firebaseinitprovider"
69-->[com.google.firebase:firebase-common:20.4.2] AndroidManifest.xml:25:13-72
70            android:directBootAware="true"
70-->[com.google.firebase:firebase-common:20.4.2] AndroidManifest.xml:26:13-43
71            android:exported="false"
71-->[com.google.firebase:firebase-common:20.4.2] AndroidManifest.xml:27:13-37
72            android:initOrder="100" />
72-->[com.google.firebase:firebase-common:20.4.2] AndroidManifest.xml:28:13-36
73
74        <activity
74-->[androidx.compose.ui:ui-test-manifest:1.3.0] AndroidManifest.xml:23:9-25:39
75            android:name="androidx.activity.ComponentActivity"
75-->[androidx.compose.ui:ui-test-manifest:1.3.0] AndroidManifest.xml:24:13-63
76            android:exported="true" />
76-->[androidx.compose.ui:ui-test-manifest:1.3.0] AndroidManifest.xml:25:13-36
77        <activity
77-->[com.google.android.gms:play-services-base:18.0.1] AndroidManifest.xml:20:9-22:45
78            android:name="com.google.android.gms.common.api.GoogleApiActivity"
78-->[com.google.android.gms:play-services-base:18.0.1] AndroidManifest.xml:20:19-85
79            android:exported="false"
79-->[com.google.android.gms:play-services-base:18.0.1] AndroidManifest.xml:22:19-43
80            android:theme="@android:style/Theme.Translucent.NoTitleBar" />
80-->[com.google.android.gms:play-services-base:18.0.1] AndroidManifest.xml:21:19-78
81
82        <meta-data
82-->[com.google.android.gms:play-services-basement:18.1.0] AndroidManifest.xml:21:9-23:69
83            android:name="com.google.android.gms.version"
83-->[com.google.android.gms:play-services-basement:18.1.0] AndroidManifest.xml:22:13-58
84            android:value="@integer/google_play_services_version" />
84-->[com.google.android.gms:play-services-basement:18.1.0] AndroidManifest.xml:23:13-66
85
86        <provider
86-->[androidx.profileinstaller:profileinstaller:1.2.0] AndroidManifest.xml:25:9-33:20
87            android:name="androidx.startup.InitializationProvider"
87-->[androidx.profileinstaller:profileinstaller:1.2.0] AndroidManifest.xml:26:13-67
88            android:authorities="com.example.myfirestore.androidx-startup"
88-->[androidx.profileinstaller:profileinstaller:1.2.0] AndroidManifest.xml:27:13-68
89            android:exported="false" >
89-->[androidx.profileinstaller:profileinstaller:1.2.0] AndroidManifest.xml:28:13-37
90            <meta-data
90-->[androidx.profileinstaller:profileinstaller:1.2.0] AndroidManifest.xml:30:13-32:52
91                android:name="androidx.profileinstaller.ProfileInstallerInitializer"
91-->[androidx.profileinstaller:profileinstaller:1.2.0] AndroidManifest.xml:31:17-85
92                android:value="androidx.startup" />
92-->[androidx.profileinstaller:profileinstaller:1.2.0] AndroidManifest.xml:32:17-49
93        </provider>
94
95        <receiver
95-->[androidx.profileinstaller:profileinstaller:1.2.0] AndroidManifest.xml:35:9-47:20
96            android:name="androidx.profileinstaller.ProfileInstallReceiver"
96-->[androidx.profileinstaller:profileinstaller:1.2.0] AndroidManifest.xml:36:13-76
97            android:directBootAware="false"
97-->[androidx.profileinstaller:profileinstaller:1.2.0] AndroidManifest.xml:37:13-44
98            android:enabled="true"
98-->[androidx.profileinstaller:profileinstaller:1.2.0] AndroidManifest.xml:38:13-35
99            android:exported="true"
99-->[androidx.profileinstaller:profileinstaller:1.2.0] AndroidManifest.xml:39:13-36
100            android:permission="android.permission.DUMP" >
100-->[androidx.profileinstaller:profileinstaller:1.2.0] AndroidManifest.xml:40:13-57
101            <intent-filter>
101-->[androidx.profileinstaller:profileinstaller:1.2.0] AndroidManifest.xml:41:13-43:29
102                <action android:name="androidx.profileinstaller.action.INSTALL_PROFILE" />
102-->[androidx.profileinstaller:profileinstaller:1.2.0] AndroidManifest.xml:42:17-91
102-->[androidx.profileinstaller:profileinstaller:1.2.0] AndroidManifest.xml:42:25-88
103            </intent-filter>
104            <intent-filter>
104-->[androidx.profileinstaller:profileinstaller:1.2.0] AndroidManifest.xml:44:13-46:29
105                <action android:name="androidx.profileinstaller.action.SKIP_FILE" />
105-->[androidx.profileinstaller:profileinstaller:1.2.0] AndroidManifest.xml:45:17-85
105-->[androidx.profileinstaller:profileinstaller:1.2.0] AndroidManifest.xml:45:25-82
106            </intent-filter>
107        </receiver>
108    </application>
109
110</manifest>